build/app/outputs/mapping/release/usage.txt
com.example.ekolabweb.R$styleable
com.example.ekolabweb.R$attr
com.example.ekolabweb.R$mipmap
com.example.ekolabweb.R$string
com.example.ekolabweb.R$layout
com.example.ekolabweb.R$id
com.example.ekolabweb.R$xml
com.example.ekolabweb.R$style
com.example.ekolabweb.R$dimen
com.example.ekolabweb.R$color
com.example.ekolabweb.R
com.example.ekolabweb.R$drawable
com.example.ekolabweb.R$integer
com.example.ekolabweb.BuildConfig
...
com.google.common.io.AppendableWriter
com.google.common.collect.Maps
kotlin.KotlinVersion
kotlin.Result
io.flutter.view.FlutterNativeView
androidx.core.view.AccessibilityDelegateCompat
androidx.core.os.MessageCompat
com.google.common.collect.LinkedListMultimap$1ValuesImpl$1
io.flutter.plugin.common.PluginRegistry
com.google.common.collect.Synchronized$SynchronizedMultiset
kotlin.text.StringsKt___StringsKt
com.google.common.collect.Synchronized$SynchronizedTable
io.flutter.plugin.editing.ListenableEditingState$1:
    final synthetic io.flutter.plugin.editing.ListenableEditingState this$0
androidx.savedstate.Recreator:
    private void reflectiveNew(java.lang.String)
io.flutter.embedding.engine.plugins.FlutterPlugin$FlutterPluginBinding:
    private final io.flutter.view.TextureRegistry textureRegistry
    private final io.flutter.plugin.platform.PlatformViewRegistry platformViewRegistry
    private final io.flutter.embedding.engine.plugins.FlutterPlugin$FlutterAssets flutterAssets
androidx.savedstate.SavedStateRegistry$AutoRecreated
kotlin.jvm.internal.DefaultConstructorMarker
io.flutter.plugins.urllauncher.WebViewActivity$2:
    final synthetic io.flutter.plugins.urllauncher.WebViewActivity this$0
androidx.collection.ContainerHelpers:
    static final long[] EMPTY_LONGS
io.flutter.plugins.imagepicker.ImagePickerDelegate$3$1:
    final synthetic io.flutter.plugins.imagepicker.ImagePickerDelegate$3 this$1
io.flutter.embedding.android.DrawableSplashScreen$1:
    final synthetic io.flutter.embedding.android.DrawableSplashScreen this$0
com.tekartik.sqflite.Database$1:
    final synthetic com.tekartik.sqflite.Database this$0
io.flutter.embedding.engine.FlutterEngineConnectionRegistry$DefaultFlutterAssets:
    final io.flutter.embedding.engine.loader.FlutterLoader flutterLoader
com.google.common.base.Throwables:
    private static final java.lang.reflect.Method getStackTraceElementMethod
    private static final java.lang.reflect.Method getStackTraceDepthMethod
androidx.exifinterface.media.ExifInterface$1:
    final synthetic androidx.exifinterface.media.ExifInterface this$0
io.flutter.plugins.pathprovider.PathProviderPlugin$1:
    final synthetic io.flutter.plugins.pathprovider.PathProviderPlugin this$0
io.flutter.FlutterInjector:
    private static boolean accessed
app.mylekha.plugins.responsive_table.ResponsiveTablePlugin$Companion
androidx.lifecycle.DefaultLifecycleObserver:
    public abstract void onCreate(androidx.lifecycle.LifecycleOwner)
    public abstract void onStart(androidx.lifecycle.LifecycleOwner)
    public abstract void onResume(androidx.lifecycle.LifecycleOwner)
    public abstract void onPause(androidx.lifecycle.LifecycleOwner)
    public abstract void onStop(androidx.lifecycle.LifecycleOwner)
    public abstract void onDestroy(androidx.lifecycle.LifecycleOwner)
io.flutter.Log:
    private static int logLevel
    public static int ASSERT
    public static int DEBUG
    public static int ERROR
    public static int INFO
    public static int VERBOSE
    public static int WARN
androidx.lifecycle.Lifecycle:
    java.util.concurrent.atomic.AtomicReference mInternalScopeRef
io.flutter.embedding.android.AndroidKeyProcessor:
    private final io.flutter.plugin.editing.TextInputPlugin textInputPlugin
com.google.common.util.concurrent.AbstractFuture$Failure:
    static final com.google.common.util.concurrent.AbstractFuture$Failure FALLBACK_INSTANCE
io.flutter.embedding.engine.mutatorsstack.FlutterMutatorsStack$FlutterMutator:
    private android.graphics.Rect rect
    private float[] radiis
    private io.flutter.embedding.engine.mutatorsstack.FlutterMutatorsStack$FlutterMutatorType type
    final synthetic io.flutter.embedding.engine.mutatorsstack.FlutterMutatorsStack this$0
androidx.lifecycle.MethodCallsLogger:
    private java.util.Map mCalledMethods
io.flutter.embedding.engine.systemchannels.PlatformViewsChannel$1$1:
    final synthetic io.flutter.embedding.engine.systemchannels.PlatformViewsChannel$1 this$1